build/app/intermediates/manifest_merge_blame_file/release/manifest-merger-blame-release-report.txt
1<?xml version="1.0" encoding="utf-8"?>
2<manifest xmlns:android="http://schemas.android.com/apk/res/android"
3    package="com.verz.eqinsurance"
4    android:versionCode="1"
5    android:versionName="1.0.0" >
6
7    <uses-sdk
8        android:minSdkVersion="21"
8-->src\main\AndroidManifest.xml
9        android:targetSdkVersion="33" />
9-->src\main\AndroidManifest.xml
10
11    <uses-permission android:name="android.permission.INTERNET" />
11-->src\main\AndroidManifest.xml:4:5-66
11-->src\main\AndroidManifest.xml:4:22-64
12    <uses-permission android:name="android.permission.WAKE_LOCK" />
12-->src\main\AndroidManifest.xml:5:5-68
12-->src\main\AndroidManifest.xml:5:22-65
13
14    <!-- Provide required visibility configuration for API level 30 and above -->
15    <queries>
15-->src\main\AndroidManifest.xml:8:5-19:15
16
17        <!-- If your app checks for SMS support -->
18        <intent>
18-->src\main\AndroidManifest.xml:10:9-13:18
19            <action android:name="android.intent.action.VIEW" />
19-->src\main\AndroidManifest.xml:11:13-65
19-->src\main\AndroidManifest.xml:11:21-62
20
21            <data android:scheme="sms" />
21-->src\main\AndroidManifest.xml:12:13-42
21-->src\main\AndroidManifest.xml:12:19-39
22        </intent>
23        <!-- If your app checks for call support -->
24        <intent>
24-->src\main\AndroidManifest.xml:15:9-18:18
25            <action android:name="android.intent.action.VIEW" />
25-->src\main\AndroidManifest.xml:11:13-65
25-->src\main\AndroidManifest.xml:11:21-62
26
27            <data android:scheme="tel" />
27-->src\main\AndroidManifest.xml:12:13-42
27-->src\main\AndroidManifest.xml:12:19-39
28        </intent>
29    </queries>
30
31    <uses-permission android:name="android.permission.ACCESS_NETWORK_STATE" /> <!-- Permissions options for the `notification` group -->
31-->[:firebase_messaging] AndroidManifest.xml:11:5-79
31-->[:firebase_messaging] AndroidManifest.xml:11:22-76
32    <uses-permission android:name="android.permission.POST_NOTIFICATIONS" />
32-->[:firebase_messaging] AndroidManifest.xml:13:5-77
32-->[:firebase_messaging] AndroidManifest.xml:13:22-74
33    <uses-permission android:name="android.permission.RECEIVE_BOOT_COMPLETED" />
33-->[:flutter_local_notifications] AndroidManifest.xml:9:5-81
33-->[:flutter_local_notifications] AndroidManifest.xml:9:22-78
34    <uses-permission android:name="android.permission.VIBRATE" />
34-->[:flutter_local_notifications] AndroidManifest.xml:10:5-66
34-->[:flutter_local_notifications] AndroidManifest.xml:10:22-63
35    <uses-permission android:name="android.permission.USE_FULL_SCREEN_INTENT" /> <!-- Required by older versions of Google Play services to create IID tokens -->
35-->[:flutter_local_notifications] AndroidManifest.xml:11:5-81
35-->[:flutter_local_notifications] AndroidManifest.xml:11:22-78
36    <uses-permission android:name="com.google.android.c2dm.permission.RECEIVE" />
36-->[com.google.firebase:firebase-messaging:23.1.0] AndroidManifest.xml:28:5-82
36-->[com.google.firebase:firebase-messaging:23.1.0] AndroidManifest.xml:28:22-79
37    <uses-permission android:name="com.google.android.gms.permission.AD_ID" />
37-->[com.google.android.gms:play-services-measurement-api:21.2.0] AndroidManifest.xml:25:5-79
37-->[com.google.android.gms:play-services-measurement-api:21.2.0] AndroidManifest.xml:25:22-76
38    <uses-permission android:name="com.google.android.finsky.permission.BIND_GET_INSTALL_REFERRER_SERVICE" />
38-->[com.google.android.gms:play-services-measurement:21.2.0] AndroidManifest.xml:26:5-110
38-->[com.google.android.gms:play-services-measurement:21.2.0] AndroidManifest.xml:26:22-107
39
40    <application
41        android:name="android.app.Application"
41-->src\main\AndroidManifest.xml:23:9-42
42        android:appComponentFactory="androidx.core.app.CoreComponentFactory"
42-->[androidx.core:core:1.6.0] AndroidManifest.xml:24:18-86
43        android:icon="@mipmap/ic_launcher"
43-->src\main\AndroidManifest.xml:24:9-43
44        android:label="EQ Insurance Singapore"
44-->src\main\AndroidManifest.xml:22:9-47
45        android:usesCleartextTraffic="true" >
45-->src\main\AndroidManifest.xml:25:10-45
46        <activity
46-->src\main\AndroidManifest.xml:26:9-56:20
47            android:name="com.verz.eqinsurance.MainActivity"
47-->src\main\AndroidManifest.xml:27:13-41
48            android:configChanges="orientation|keyboardHidden|keyboard|screenSize|smallestScreenSize|locale|layoutDirection|fontScale|screenLayout|density|uiMode"
48-->src\main\AndroidManifest.xml:31:13-163
49            android:exported="true"
49-->src\main\AndroidManifest.xml:28:13-36
50            android:hardwareAccelerated="true"
50-->src\main\AndroidManifest.xml:32:13-47
51            android:launchMode="singleTop"
51-->src\main\AndroidManifest.xml:29:13-43
52            android:theme="@style/LaunchTheme"
52-->src\main\AndroidManifest.xml:30:13-47
53            android:windowSoftInputMode="adjustResize" >
53-->src\main\AndroidManifest.xml:33:13-55
54
55            <!--
56                 Specifies an Android theme to apply to this Activity as soon as
57                 the Android process has started. This theme is visible to the user
58                 while the Flutter UI initializes. After that, this theme continues
59                 to determine the Window background behind the Flutter UI.
60            -->
61            <meta-data
61-->src\main\AndroidManifest.xml:38:13-41:17
62                android:name="io.flutter.embedding.android.NormalTheme"
62-->src\main\AndroidManifest.xml:39:15-70
63                android:resource="@style/NormalTheme" />
63-->src\main\AndroidManifest.xml:40:15-52
64            <meta-data
64-->src\main\AndroidManifest.xml:43:13-46:19
65                android:name="io.flutter.embedding.android.SplashScreenDrawable"
65-->src\main\AndroidManifest.xml:44:17-81
66                android:resource="@drawable/launch_background" />
66-->src\main\AndroidManifest.xml:45:17-63
67
68            <intent-filter>
68-->src\main\AndroidManifest.xml:47:13-50:29
69                <action android:name="android.intent.action.MAIN" />
69-->src\main\AndroidManifest.xml:48:17-68
69-->src\main\AndroidManifest.xml:48:25-66
70
71                <category android:name="android.intent.category.LAUNCHER" />
71-->src\main\AndroidManifest.xml:49:17-76
71-->src\main\AndroidManifest.xml:49:27-74
72            </intent-filter>
73            <intent-filter>
73-->src\main\AndroidManifest.xml:52:13-55:29
74                <action android:name="FLUTTER_NOTIFICATION_CLICK" />
74-->src\main\AndroidManifest.xml:53:17-69
74-->src\main\AndroidManifest.xml:53:25-66
75
76                <category android:name="android.intent.category.DEFAULT" />
76-->src\main\AndroidManifest.xml:54:17-76
76-->src\main\AndroidManifest.xml:54:27-73
77            </intent-filter>
78        </activity>
79        <!--
80             Don't delete the meta-data below.
81             This is used by the Flutter tool to generate GeneratedPluginRegistrant.java
82        -->
83        <meta-data
83-->src\main\AndroidManifest.xml:59:9-61:33
84            android:name="flutterEmbedding"
84-->src\main\AndroidManifest.xml:60:13-44
85            android:value="2" />
85-->src\main\AndroidManifest.xml:61:13-30
86        <!-- End FlutterDownloader customization -->
87
88        <receiver
88-->src\main\AndroidManifest.xml:64:8-66:19
89            android:name="com.dexterous.flutterlocalnotifications.ScheduledNotificationBootReceiver"
89-->src\main\AndroidManifest.xml:64:18-106
90            android:exported="true" >
90-->src\main\AndroidManifest.xml:65:12-35
91            <intent-filter>
91-->[:flutter_local_notifications] AndroidManifest.xml:16:13-21:29
92                <action android:name="android.intent.action.BOOT_COMPLETED" />
92-->[:flutter_local_notifications] AndroidManifest.xml:17:17-79
92-->[:flutter_local_notifications] AndroidManifest.xml:17:25-76
93                <action android:name="android.intent.action.MY_PACKAGE_REPLACED" />
93-->[:flutter_local_notifications] AndroidManifest.xml:18:17-84
93-->[:flutter_local_notifications] AndroidManifest.xml:18:25-81
94                <action android:name="android.intent.action.QUICKBOOT_POWERON" />
94-->[:flutter_local_notifications] AndroidManifest.xml:19:17-82
94-->[:flutter_local_notifications] AndroidManifest.xml:19:25-79
95                <action android:name="com.htc.intent.action.QUICKBOOT_POWERON" />
95-->[:flutter_local_notifications] AndroidManifest.xml:20:17-82
95-->[:flutter_local_notifications] AndroidManifest.xml:20:25-79
96            </intent-filter>
97        </receiver>
98
99        <meta-data
99-->src\main\AndroidManifest.xml:68:8-70:54
100            android:name="com.google.firebase.messaging.default_notification_channel_id"
100-->src\main\AndroidManifest.xml:69:12-88
101            android:value="high_importance_channel" />
101-->src\main\AndroidManifest.xml:70:12-51
102
103        <service
103-->[:firebase_messaging] AndroidManifest.xml:16:9-19:72
104            android:name="io.flutter.plugins.firebase.messaging.FlutterFirebaseMessagingBackgroundService"
104-->[:firebase_messaging] AndroidManifest.xml:17:13-107
105            android:exported="false"
105-->[:firebase_messaging] AndroidManifest.xml:18:13-37
106            android:permission="android.permission.BIND_JOB_SERVICE" />
106-->[:firebase_messaging] AndroidManifest.xml:19:13-69
107        <service
107-->[:firebase_messaging] AndroidManifest.xml:20:9-26:19
108            android:name="io.flutter.plugins.firebase.messaging.FlutterFirebaseMessagingService"
108-->[:firebase_messaging] AndroidManifest.xml:21:13-97
109            android:exported="false" >
109-->[:firebase_messaging] AndroidManifest.xml:22:13-37
110            <intent-filter>
110-->[:firebase_messaging] AndroidManifest.xml:23:13-25:29
111                <action android:name="com.google.firebase.MESSAGING_EVENT" />
111-->[:firebase_messaging] AndroidManifest.xml:24:17-78
111-->[:firebase_messaging] AndroidManifest.xml:24:25-75
112            </intent-filter>
113        </service>
114
115        <receiver
115-->[:firebase_messaging] AndroidManifest.xml:28:9-35:20
116            android:name="io.flutter.plugins.firebase.messaging.FlutterFirebaseMessagingReceiver"
116-->[:firebase_messaging] AndroidManifest.xml:29:13-98
117            android:exported="true"
117-->[:firebase_messaging] AndroidManifest.xml:30:13-36
118            android:permission="com.google.android.c2dm.permission.SEND" >
118-->[:firebase_messaging] AndroidManifest.xml:31:13-73
119            <intent-filter>
119-->[:firebase_messaging] AndroidManifest.xml:32:13-34:29
120                <action android:name="com.google.android.c2dm.intent.RECEIVE" />
120-->[:firebase_messaging] AndroidManifest.xml:33:17-81
120-->[:firebase_messaging] AndroidManifest.xml:33:25-78
121            </intent-filter>
122        </receiver>
123
124        <service
124-->[:firebase_messaging] AndroidManifest.xml:37:9-41:19
125            android:name="com.google.firebase.components.ComponentDiscoveryService"
125-->[:firebase_messaging] AndroidManifest.xml:37:18-89
126            android:directBootAware="true"
126-->[com.google.firebase:firebase-common:20.2.0] AndroidManifest.xml:34:13-43
127            android:exported="false" >
127-->[com.google.firebase:firebase-analytics-ktx:21.2.0] AndroidManifest.xml:10:13-37
128            <meta-data
128-->[:firebase_messaging] AndroidManifest.xml:38:13-40:85
129                android:name="com.google.firebase.components:io.flutter.plugins.firebase.messaging.FlutterFirebaseAppRegistrar"
129-->[:firebase_messaging] AndroidManifest.xml:39:17-128
130                android:value="com.google.firebase.components.ComponentRegistrar" />
130-->[:firebase_messaging] AndroidManifest.xml:40:17-82
131            <meta-data
131-->[:firebase_core] AndroidManifest.xml:11:13-13:85
132                android:name="com.google.firebase.components:io.flutter.plugins.firebase.core.FlutterFirebaseCoreRegistrar"
132-->[:firebase_core] AndroidManifest.xml:12:17-124
133                android:value="com.google.firebase.components.ComponentRegistrar" />
133-->[:firebase_core] AndroidManifest.xml:13:17-82
134            <meta-data
134-->[com.google.firebase:firebase-analytics-ktx:21.2.0] AndroidManifest.xml:11:13-13:85
135                android:name="com.google.firebase.components:com.google.firebase.analytics.ktx.FirebaseAnalyticsKtxRegistrar"
135-->[com.google.firebase:firebase-analytics-ktx:21.2.0] AndroidManifest.xml:12:17-126
136                android:value="com.google.firebase.components.ComponentRegistrar" />
136-->[com.google.firebase:firebase-analytics-ktx:21.2.0] AndroidManifest.xml:13:17-82
137            <meta-data
137-->[com.google.firebase:firebase-common-ktx:20.2.0] AndroidManifest.xml:14:13-16:85
138                android:name="com.google.firebase.components:com.google.firebase.ktx.FirebaseCommonKtxRegistrar"
138-->[com.google.firebase:firebase-common-ktx:20.2.0] AndroidManifest.xml:15:17-113
139                android:value="com.google.firebase.components.ComponentRegistrar" />
139-->[com.google.firebase:firebase-common-ktx:20.2.0] AndroidManifest.xml:16:17-82
140            <meta-data
140-->[com.google.firebase:firebase-messaging:23.1.0] AndroidManifest.xml:55:13-57:85
141                android:name="com.google.firebase.components:com.google.firebase.messaging.FirebaseMessagingRegistrar"
141-->[com.google.firebase:firebase-messaging:23.1.0] AndroidManifest.xml:56:17-119
142                android:value="com.google.firebase.components.ComponentRegistrar" />
142-->[com.google.firebase:firebase-messaging:23.1.0] AndroidManifest.xml:57:17-82
143            <meta-data
143-->[com.google.firebase:firebase-datatransport:18.1.7] AndroidManifest.xml:27:13-29:85
144                android:name="com.google.firebase.components:com.google.firebase.datatransport.TransportRegistrar"
144-->[com.google.firebase:firebase-datatransport:18.1.7] AndroidManifest.xml:28:17-115
145                android:value="com.google.firebase.components.ComponentRegistrar" />
145-->[com.google.firebase:firebase-datatransport:18.1.7] AndroidManifest.xml:29:17-82
146            <meta-data
146-->[com.google.firebase:firebase-iid:21.1.0] AndroidManifest.xml:32:13-34:85
147                android:name="com.google.firebase.components:com.google.firebase.iid.Registrar"
147-->[com.google.firebase:firebase-iid:21.1.0] AndroidManifest.xml:33:17-96
148                android:value="com.google.firebase.components.ComponentRegistrar" />
148-->[com.google.firebase:firebase-iid:21.1.0] AndroidManifest.xml:34:17-82
149            <meta-data
149-->[com.google.android.gms:play-services-measurement-api:21.2.0] AndroidManifest.xml:31:13-33:85
150                android:name="com.google.firebase.components:com.google.firebase.analytics.connector.internal.AnalyticsConnectorRegistrar"
150-->[com.google.android.gms:play-services-measurement-api:21.2.0] AndroidManifest.xml:32:17-139
151                android:value="com.google.firebase.components.ComponentRegistrar" />
151-->[com.google.android.gms:play-services-measurement-api:21.2.0] AndroidManifest.xml:33:17-82
152            <meta-data
152-->[com.google.firebase:firebase-installations:17.1.0] AndroidManifest.xml:17:13-19:85
153                android:name="com.google.firebase.components:com.google.firebase.installations.FirebaseInstallationsRegistrar"
153-->[com.google.firebase:firebase-installations:17.1.0] AndroidManifest.xml:18:17-127
154                android:value="com.google.firebase.components.ComponentRegistrar" />
154-->[com.google.firebase:firebase-installations:17.1.0] AndroidManifest.xml:19:17-82
155        </service>
156
157        <provider
157-->[:firebase_messaging] AndroidManifest.xml:43:9-47:38
158            android:name="io.flutter.plugins.firebase.messaging.FlutterFirebaseMessagingInitProvider"
158-->[:firebase_messaging] AndroidManifest.xml:44:13-102
159            android:authorities="com.verz.eqinsurance.flutterfirebasemessaginginitprovider"
159-->[:firebase_messaging] AndroidManifest.xml:45:13-88
160            android:exported="false"
160-->[:firebase_messaging] AndroidManifest.xml:46:13-37
161            android:initOrder="99" />
161-->[:firebase_messaging] AndroidManifest.xml:47:13-35
162
163        <receiver android:name="com.dexterous.flutterlocalnotifications.ScheduledNotificationReceiver" />
163-->[:flutter_local_notifications] AndroidManifest.xml:14:9-106
163-->[:flutter_local_notifications] AndroidManifest.xml:14:19-103
164
165        <activity
165-->[:url_launcher_android] AndroidManifest.xml:10:9-13:74
166            android:name="io.flutter.plugins.urllauncher.WebViewActivity"
166-->[:url_launcher_android] AndroidManifest.xml:11:13-74
167            android:exported="false"
167-->[:url_launcher_android] AndroidManifest.xml:12:13-37
168            android:theme="@android:style/Theme.NoTitleBar.Fullscreen" />
168-->[:url_launcher_android] AndroidManifest.xml:13:13-71
169
170        <uses-library
170-->[androidx.window:window:1.0.0-beta04] AndroidManifest.xml:25:9-27:40
171            android:name="androidx.window.extensions"
171-->[androidx.window:window:1.0.0-beta04] AndroidManifest.xml:26:13-54
172            android:required="false" />
172-->[androidx.window:window:1.0.0-beta04] AndroidManifest.xml:27:13-37
173        <uses-library
173-->[androidx.window:window:1.0.0-beta04] AndroidManifest.xml:28:9-30:40
174            android:name="androidx.window.sidecar"
174-->[androidx.window:window:1.0.0-beta04] AndroidManifest.xml:29:13-51
175            android:required="false" />
175-->[androidx.window:window:1.0.0-beta04] AndroidManifest.xml:30:13-37
176
177        <receiver
177-->[com.google.firebase:firebase-messaging:23.1.0] AndroidManifest.xml:31:9-38:20
178            android:name="com.google.firebase.iid.FirebaseInstanceIdReceiver"
178-->[com.google.firebase:firebase-messaging:23.1.0] AndroidManifest.xml:32:13-78
179            android:exported="true"
179-->[com.google.firebase:firebase-messaging:23.1.0] AndroidManifest.xml:33:13-36
180            android:permission="com.google.android.c2dm.permission.SEND" >
180-->[com.google.firebase:firebase-messaging:23.1.0] AndroidManifest.xml:34:13-73
181            <intent-filter>
181-->[:firebase_messaging] AndroidManifest.xml:32:13-34:29
182                <action android:name="com.google.android.c2dm.intent.RECEIVE" />
182-->[:firebase_messaging] AndroidManifest.xml:33:17-81
182-->[:firebase_messaging] AndroidManifest.xml:33:25-78
183            </intent-filter>
184        </receiver>
185        <!--
186             FirebaseMessagingService performs security checks at runtime,
187             but set to not exported to explicitly avoid allowing another app to call it.
188        -->
189        <service
189-->[com.google.firebase:firebase-messaging:23.1.0] AndroidManifest.xml:44:9-51:19
190            android:name="com.google.firebase.messaging.FirebaseMessagingService"
190-->[com.google.firebase:firebase-messaging:23.1.0] AndroidManifest.xml:45:13-82
191            android:directBootAware="true"
191-->[com.google.firebase:firebase-messaging:23.1.0] AndroidManifest.xml:46:13-43
192            android:exported="false" >
192-->[com.google.firebase:firebase-messaging:23.1.0] AndroidManifest.xml:47:13-37
193            <intent-filter android:priority="-500" >
193-->[:firebase_messaging] AndroidManifest.xml:23:13-25:29
194                <action android:name="com.google.firebase.MESSAGING_EVENT" />
194-->[:firebase_messaging] AndroidManifest.xml:24:17-78
194-->[:firebase_messaging] AndroidManifest.xml:24:25-75
195            </intent-filter>
196        </service>
197        <service
197-->[com.google.android.datatransport:transport-backend-cct:3.1.8] AndroidManifest.xml:28:9-34:19
198            android:name="com.google.android.datatransport.runtime.backends.TransportBackendDiscovery"
198-->[com.google.android.datatransport:transport-backend-cct:3.1.8] AndroidManifest.xml:29:13-103
199            android:exported="false" >
199-->[com.google.android.datatransport:transport-backend-cct:3.1.8] AndroidManifest.xml:30:13-37
200            <meta-data
200-->[com.google.android.datatransport:transport-backend-cct:3.1.8] AndroidManifest.xml:31:13-33:39
201                android:name="backend:com.google.android.datatransport.cct.CctBackendFactory"
201-->[com.google.android.datatransport:transport-backend-cct:3.1.8] AndroidManifest.xml:32:17-94
202                android:value="cct" />
202-->[com.google.android.datatransport:transport-backend-cct:3.1.8] AndroidManifest.xml:33:17-36
203        </service>
204        <service
204-->[com.google.android.datatransport:transport-runtime:3.1.8] AndroidManifest.xml:26:9-30:19
205            android:name="com.google.android.datatransport.runtime.scheduling.jobscheduling.JobInfoSchedulerService"
205-->[com.google.android.datatransport:transport-runtime:3.1.8] AndroidManifest.xml:27:13-117
206            android:exported="false"
206-->[com.google.android.datatransport:transport-runtime:3.1.8] AndroidManifest.xml:28:13-37
207            android:permission="android.permission.BIND_JOB_SERVICE" >
207-->[com.google.android.datatransport:transport-runtime:3.1.8] AndroidManifest.xml:29:13-69
208        </service>
209
210        <receiver
210-->[com.google.android.datatransport:transport-runtime:3.1.8] AndroidManifest.xml:32:9-34:40
211            android:name="com.google.android.datatransport.runtime.scheduling.jobscheduling.AlarmManagerSchedulerBroadcastReceiver"
211-->[com.google.android.datatransport:transport-runtime:3.1.8] AndroidManifest.xml:33:13-132
212            android:exported="false" />
212-->[com.google.android.datatransport:transport-runtime:3.1.8] AndroidManifest.xml:34:13-37
213
214        <provider
214-->[com.google.firebase:firebase-common:20.2.0] AndroidManifest.xml:25:9-30:39
215            android:name="com.google.firebase.provider.FirebaseInitProvider"
215-->[com.google.firebase:firebase-common:20.2.0] AndroidManifest.xml:26:13-77
216            android:authorities="com.verz.eqinsurance.firebaseinitprovider"
216-->[com.google.firebase:firebase-common:20.2.0] AndroidManifest.xml:27:13-72
217            android:directBootAware="true"
217-->[com.google.firebase:firebase-common:20.2.0] AndroidManifest.xml:28:13-43
218            android:exported="false"
218-->[com.google.firebase:firebase-common:20.2.0] AndroidManifest.xml:29:13-37
219            android:initOrder="100" />
219-->[com.google.firebase:firebase-common:20.2.0] AndroidManifest.xml:30:13-36
220
221        <receiver
221-->[com.google.android.gms:play-services-measurement:21.2.0] AndroidManifest.xml:29:9-33:20
222            android:name="com.google.android.gms.measurement.AppMeasurementReceiver"
222-->[com.google.android.gms:play-services-measurement:21.2.0] AndroidManifest.xml:30:13-85
223            android:enabled="true"
223-->[com.google.android.gms:play-services-measurement:21.2.0] AndroidManifest.xml:31:13-35
224            android:exported="false" >
224-->[com.google.android.gms:play-services-measurement:21.2.0] AndroidManifest.xml:32:13-37
225        </receiver>
226
227        <service
227-->[com.google.android.gms:play-services-measurement:21.2.0] AndroidManifest.xml:35:9-38:40
228            android:name="com.google.android.gms.measurement.AppMeasurementService"
228-->[com.google.android.gms:play-services-measurement:21.2.0] AndroidManifest.xml:36:13-84
229            android:enabled="true"
229-->[com.google.android.gms:play-services-measurement:21.2.0] AndroidManifest.xml:37:13-35
230            android:exported="false" />
230-->[com.google.android.gms:play-services-measurement:21.2.0] AndroidManifest.xml:38:13-37
231        <service
231-->[com.google.android.gms:play-services-measurement:21.2.0] AndroidManifest.xml:39:9-43:72
232            android:name="com.google.android.gms.measurement.AppMeasurementJobService"
232-->[com.google.android.gms:play-services-measurement:21.2.0] AndroidManifest.xml:40:13-87
233            android:enabled="true"
233-->[com.google.android.gms:play-services-measurement:21.2.0] AndroidManifest.xml:41:13-35
234            android:exported="false"
234-->[com.google.android.gms:play-services-measurement:21.2.0] AndroidManifest.xml:42:13-37
235            android:permission="android.permission.BIND_JOB_SERVICE" />
235-->[com.google.android.gms:play-services-measurement:21.2.0] AndroidManifest.xml:43:13-69
236
237        <activity
237-->[com.google.android.gms:play-services-base:18.0.1] AndroidManifest.xml:20:9-22:45
238            android:name="com.google.android.gms.common.api.GoogleApiActivity"
238-->[com.google.android.gms:play-services-base:18.0.1] AndroidManifest.xml:20:19-85
239            android:exported="false"
239-->[com.google.android.gms:play-services-base:18.0.1] AndroidManifest.xml:22:19-43
240            android:theme="@android:style/Theme.Translucent.NoTitleBar" />
240-->[com.google.android.gms:play-services-base:18.0.1] AndroidManifest.xml:21:19-78
241
242        <meta-data
242-->[com.google.android.gms:play-services-basement:18.1.0] AndroidManifest.xml:21:9-23:69
243            android:name="com.google.android.gms.version"
243-->[com.google.android.gms:play-services-basement:18.1.0] AndroidManifest.xml:22:13-58
244            android:value="@integer/google_play_services_version" />
244-->[com.google.android.gms:play-services-basement:18.1.0] AndroidManifest.xml:23:13-66
245    </application>
246
247</manifest>